25/09/2021 19:24:47     INFO:The application started
25/09/2021 19:24:57  WARNING:The "Search" menu item chosen
25/09/2021 19:25:11  WARNING:The "Exit" menu item chosen
25/09/2021 19:25:11     INFO:The application closed
25/09/2021 19:25:47     INFO:The application started
25/09/2021 19:25:50  WARNING:The "Exit" menu item chosen
25/09/2021 19:25:50     INFO:The application closed
25/09/2021 20:10:09     INFO:The application started
25/09/2021 20:10:21  WARNING:Query string: "ivan ivanov"
25/09/2021 20:10:21  WARNING:The missing persons register: 168 records found
25/09/2021 20:10:21  WARNING:All result dataset was saved into MissingPersons.html
25/09/2021 20:10:21  WARNING:The wanted persons register: 878 records found
25/09/2021 20:10:21  WARNING:All result dataset was saved into WantedPersons.html
25/09/2021 20:10:21  WARNING:The "Search" menu item chosen
25/09/2021 20:10:31    DEBUG:Starting new HTTPS connection (1): data.gov.ua:443
25/09/2021 20:10:32    DEBUG:https://data.gov.ua:443 "GET /api/3/action/package_show?id=470196d3-4e7a-46b0-8c0c-883b74ac65f0 HTTP/1.1" 200 None
25/09/2021 20:10:32     INFO:A general MissingPersons dataset JSON received
25/09/2021 20:10:32    DEBUG:Starting new HTTPS connection (1): data.gov.ua:443
25/09/2021 20:10:34    DEBUG:https://data.gov.ua:443 "GET /api/3/action/resource_show?id=6cfff17e-84ac-4141-b0fd-89abb68e9f31 HTTP/1.1" 200 None
25/09/2021 20:10:34     INFO:A MissingPersons resources JSON id received
25/09/2021 20:10:34    DEBUG:Starting new HTTPS connection (1): data.gov.ua:443
25/09/2021 20:10:34    DEBUG:https://data.gov.ua:443 "GET /dataset/8851831d-b5ce-4ca8-8685-eafbc3f57eca/resource/6cfff17e-84ac-4141-b0fd-89abb68e9f31/download/mvswantedbezvesti_1.json HTTP/1.1" 200 5110666
25/09/2021 20:10:41     INFO:A MissingPersons dataset received
25/09/2021 20:10:41  WARNING:6725 documents deleted. The missing persons collection is empty.
25/09/2021 20:10:41  WARNING:Missing persons Text index deleted
25/09/2021 20:10:42     INFO:Missing persons dataset was saved into the database
25/09/2021 20:10:42     INFO:Missing persons Text Index created
25/09/2021 20:10:42    DEBUG:Starting new HTTPS connection (1): data.gov.ua:443
25/09/2021 20:10:42    DEBUG:https://data.gov.ua:443 "GET /api/3/action/package_show?id=7c51c4a0-104b-4540-a166-e9fc58485c1b HTTP/1.1" 200 None
25/09/2021 20:10:42     INFO:A general WantedPersons dataset JSON received
25/09/2021 20:10:42    DEBUG:Starting new HTTPS connection (1): data.gov.ua:443
25/09/2021 20:10:44    DEBUG:https://data.gov.ua:443 "GET /api/3/action/resource_show?id=9694e34c-92a5-4839-91df-c32850db7ba9 HTTP/1.1" 200 None
25/09/2021 20:10:44     INFO:A WantedPersons resources JSON id received
25/09/2021 20:10:44    DEBUG:Starting new HTTPS connection (1): data.gov.ua:443
25/09/2021 20:10:45    DEBUG:https://data.gov.ua:443 "GET /dataset/59ecf2ab-47a1-4fae-a63c-fe5007d68130/resource/9694e34c-92a5-4839-91df-c32850db7ba9/download/mvswantedperson_1.json HTTP/1.1" 200 41300822
25/09/2021 20:11:39     INFO:A WantedPersons dataset received
25/09/2021 20:11:44  WARNING:47854 documents deleted. The wanted persons collection is empty.
25/09/2021 20:11:44  WARNING:WantedPersons Text index deleted
25/09/2021 20:11:46     INFO:Wanted persons dataset was saved into the database
25/09/2021 20:11:48     INFO:WantedPersons Text Index created
25/09/2021 20:11:48     INFO:MissingPersonsRegisterServiceJson updated
25/09/2021 20:11:48     INFO:WantedPersonsRegisterServiceJson updated
25/09/2021 20:11:48  WARNING:The "Refresh datasets" menu item chosen
25/09/2021 20:11:56  WARNING:The "Exit" menu item chosen
25/09/2021 20:11:56     INFO:The application closed
25/09/2021 20:20:50     INFO:The application started
25/09/2021 20:20:54  WARNING:The "Search" menu item chosen
25/09/2021 20:21:11  WARNING:Query string: "марченко іван"
25/09/2021 20:21:11  WARNING:The missing persons register: 167 records found
25/09/2021 20:21:11  WARNING:All result dataset was saved into MissingPersons.html
25/09/2021 20:21:11  WARNING:The wanted persons register: 831 records found
25/09/2021 20:21:11  WARNING:All result dataset was saved into WantedPersons.html
25/09/2021 20:21:33  WARNING:The "Exit" menu item chosen
25/09/2021 20:21:33     INFO:The application closed
25/09/2021 22:20:43     INFO:The application started
25/09/2021 22:20:48  WARNING:The "Search" menu item chosen
25/09/2021 22:20:54  WARNING:Query string: "Володимир"
25/09/2021 22:20:54  WARNING:The missing persons register: 379 records found
25/09/2021 22:20:54  WARNING:All result dataset was saved into MissingPersons.html
25/09/2021 22:20:54  WARNING:The wanted persons register: 1994 records found
25/09/2021 22:20:54  WARNING:All result dataset was saved into WantedPersons.html
25/09/2021 22:21:12    ERROR:The wrong menu item choice
25/09/2021 22:21:18  WARNING:The "Search" menu item chosen
25/09/2021 22:21:21  WARNING:Query string: "енщшг"
25/09/2021 22:21:21  WARNING:The missing persons register: No data found
25/09/2021 22:21:21  WARNING:The wanted persons register: No data found
25/09/2021 22:21:31  WARNING:The "Exit" menu item chosen
25/09/2021 22:21:31     INFO:The application closed
25/09/2021 22:28:22     INFO:The application started
25/09/2021 22:28:25  WARNING:The "Exit" menu item chosen
25/09/2021 22:28:25     INFO:The application closed
25/09/2021 22:29:09     INFO:root:The application started
25/09/2021 22:29:12  WARNING:root:The "Search" menu item chosen
25/09/2021 22:29:14  WARNING:root:Query string: "456"
25/09/2021 22:29:14  WARNING:root:The missing persons register: No data found
25/09/2021 22:29:14  WARNING:root:The wanted persons register: No data found
25/09/2021 22:29:21  WARNING:root:The "Exit" menu item chosen
25/09/2021 22:29:21     INFO:root:The application closed
25/09/2021 22:31:10     INFO:root:The application started
25/09/2021 22:31:14  WARNING:root:The "Search" menu item chosen
25/09/2021 22:31:18  WARNING:root:Query string: "taras"
25/09/2021 22:31:18  WARNING:root:The missing persons register: 11 records found
25/09/2021 22:31:18  WARNING:root:All result dataset was saved into MissingPersons.html
25/09/2021 22:31:18  WARNING:root:The wanted persons register: 104 records found
25/09/2021 22:31:18  WARNING:root:All result dataset was saved into WantedPersons.html
25/09/2021 22:31:27  WARNING:root:The "Exit" menu item chosen
25/09/2021 22:31:27     INFO:root:The application closed
25/09/2021 22:32:07     INFO:root:The application started
25/09/2021 22:32:09  WARNING:root:The "Search" menu item chosen
25/09/2021 22:32:11  WARNING:root:Query string: "pavlo"
25/09/2021 22:32:11  WARNING:root:The missing persons register: 49 records found
25/09/2021 22:32:11  WARNING:root:All result dataset was saved into MissingPersons.html
25/09/2021 22:32:11  WARNING:root:The wanted persons register: 518 records found
25/09/2021 22:32:11  WARNING:root:All result dataset was saved into WantedPersons.html
25/09/2021 22:32:20  WARNING:root:The "Exit" menu item chosen
25/09/2021 22:32:20     INFO:root:The application closed
25/09/2021 22:36:08     INFO:searchmydata.py:The application started
25/09/2021 22:36:11  WARNING:searchmydata.py:The "Search" menu item chosen
25/09/2021 22:36:14  WARNING:search_engine.py:Query string: "vova"
25/09/2021 22:36:14  WARNING:search_engine.py:The missing persons register: No data found
25/09/2021 22:36:14  WARNING:search_engine.py:The wanted persons register: No data found
25/09/2021 22:36:18  WARNING:searchmydata.py:The "Exit" menu item chosen
25/09/2021 22:36:18     INFO:searchmydata.py:The application closed
25/09/2021 22:37:27     INFO:searchmydata.py:root:The application started
25/09/2021 22:37:29  WARNING:searchmydata.py:root:The "Search" menu item chosen
25/09/2021 22:37:31  WARNING:search_engine.py:root:Query string: "tyu"
25/09/2021 22:37:31  WARNING:search_engine.py:root:The missing persons register: No data found
25/09/2021 22:37:31  WARNING:search_engine.py:root:The wanted persons register: No data found
25/09/2021 22:37:34  WARNING:searchmydata.py:root:The "Exit" menu item chosen
25/09/2021 22:37:34     INFO:searchmydata.py:root:The application closed
25/09/2021 23:00:57     INFO:searchmydata.py:The application started
25/09/2021 23:00:57  WARNING:search_engine.py:Config.json is found
25/09/2021 23:00:57  WARNING:dbtools.py:Config.json is found
25/09/2021 23:00:57  WARNING:service_tools.py:Config.json is found
25/09/2021 23:01:01  WARNING:searchmydata.py:The "Search" menu item chosen
25/09/2021 23:01:05  WARNING:search_engine.py:Query string: "pipa"
25/09/2021 23:01:05  WARNING:search_engine.py:The missing persons register: No data found
25/09/2021 23:01:05  WARNING:search_engine.py:The wanted persons register: 2 records found
25/09/2021 23:01:05  WARNING:search_engine.py:All result dataset was saved into WantedPersons.html
25/09/2021 23:01:16  WARNING:searchmydata.py:The "Exit" menu item chosen
25/09/2021 23:01:16     INFO:searchmydata.py:The application closed
25/09/2021 23:09:09     INFO:searchmydata.py:The application started
25/09/2021 23:09:09  WARNING:search_engine.py:Config.json is found
25/09/2021 23:12:43     INFO:searchmydata.py:The application started
25/09/2021 23:12:43  WARNING:search_engine.py:Config.json is found
25/09/2021 23:14:02     INFO:searchmydata.py:The application started
25/09/2021 23:14:02  WARNING:search_engine.py:Config.json is found
25/09/2021 23:14:02  WARNING:search_engine.py:mongodb://localhost:27017/
25/09/2021 23:14:02  WARNING:dbtools.py:Config.json is found
25/09/2021 23:14:02  WARNING:service_tools.py:Config.json is found
25/09/2021 23:14:06  WARNING:searchmydata.py:The "Search" menu item chosen
25/09/2021 23:14:09  WARNING:search_engine.py:Query string: "vovo"
25/09/2021 23:14:09  WARNING:search_engine.py:The missing persons register: No data found
25/09/2021 23:14:09  WARNING:search_engine.py:The wanted persons register: No data found
25/09/2021 23:14:15  WARNING:searchmydata.py:The "Exit" menu item chosen
25/09/2021 23:14:15     INFO:searchmydata.py:The application closed
25/09/2021 23:15:28     INFO:searchmydata.py:The application started
25/09/2021 23:15:28  WARNING:search_engine.py:Config.json is found
25/09/2021 23:15:28  WARNING:dbtools.py:Config.json is found
25/09/2021 23:15:28  WARNING:service_tools.py:Config.json is found
25/09/2021 23:15:30  WARNING:searchmydata.py:The "Search" menu item chosen
25/09/2021 23:15:32  WARNING:search_engine.py:Query string: "petro"
25/09/2021 23:15:32  WARNING:search_engine.py:The missing persons register: 54 records found
25/09/2021 23:15:32  WARNING:search_engine.py:All result dataset was saved into MissingPersons.html
25/09/2021 23:15:32  WARNING:search_engine.py:The wanted persons register: 243 records found
25/09/2021 23:15:32  WARNING:search_engine.py:All result dataset was saved into WantedPersons.html
25/09/2021 23:15:41  WARNING:searchmydata.py:The "Exit" menu item chosen
25/09/2021 23:15:41     INFO:searchmydata.py:The application closed
25/09/2021 23:25:40     INFO:searchmydata.py:The application started
25/09/2021 23:25:40    ERROR:search_engine.py:Config.json is not found
25/09/2021 23:25:40     INFO:search_engine.py:The application closed
25/09/2021 23:26:57     INFO:searchmydata.py:The application started
25/09/2021 23:26:57  WARNING:search_engine.py:Config.json is found
25/09/2021 23:26:57    ERROR:search_engine.py:Config.json format error
25/09/2021 23:26:57     INFO:search_engine.py:The application closed
25/09/2021 23:30:01     INFO:searchmydata.py:The application started
25/09/2021 23:30:01  WARNING:search_engine.py:Config.json is found
25/09/2021 23:30:01  WARNING:dbtools.py:Config.json is found
25/09/2021 23:30:01  WARNING:service_tools.py:Config.json is found
25/09/2021 23:30:05  WARNING:searchmydata.py:The "Search" menu item chosen
25/09/2021 23:30:08  WARNING:search_engine.py:Query string: "erty"
25/09/2021 23:33:05     INFO:searchmydata.py:The application started
25/09/2021 23:33:05  WARNING:search_engine.py:Config.json is found
25/09/2021 23:33:05  WARNING:dbtools.py:Config.json is found
25/09/2021 23:33:05  WARNING:service_tools.py:Config.json is found
25/09/2021 23:33:07  WARNING:searchmydata.py:The "Search" menu item chosen
25/09/2021 23:33:10  WARNING:search_engine.py:Query string: "pert"
25/09/2021 23:34:19     INFO:searchmydata.py:The application started
25/09/2021 23:34:19  WARNING:search_engine.py:Config.json is found
25/09/2021 23:34:19  WARNING:dbtools.py:Config.json is found
25/09/2021 23:34:19  WARNING:service_tools.py:Config.json is found
25/09/2021 23:34:22  WARNING:searchmydata.py:The "Search" menu item chosen
25/09/2021 23:34:24  WARNING:search_engine.py:Query string: "poy"
25/09/2021 23:37:32     INFO:searchmydata.py:The application started
25/09/2021 23:37:32  WARNING:search_engine.py:Config.json is found
25/09/2021 23:37:32  WARNING:dbtools.py:Config.json is found
25/09/2021 23:37:32  WARNING:service_tools.py:Config.json is found
25/09/2021 23:37:34  WARNING:searchmydata.py:The "Search" menu item chosen
25/09/2021 23:37:36  WARNING:search_engine.py:Query string: "rt"
25/09/2021 23:41:39     INFO:searchmydata.py:The application started
25/09/2021 23:41:39  WARNING:search_engine.py:Config.json is found
25/09/2021 23:41:39  WARNING:dbtools.py:Config.json is found
25/09/2021 23:41:39  WARNING:service_tools.py:Config.json is found
25/09/2021 23:41:41  WARNING:searchmydata.py:The "Search" menu item chosen
25/09/2021 23:41:43  WARNING:search_engine.py:Query string: "rt"
25/09/2021 23:43:16     INFO:searchmydata.py:The application started
25/09/2021 23:43:16  WARNING:search_engine.py:Config.json is found
25/09/2021 23:43:16  WARNING:dbtools.py:Config.json is found
25/09/2021 23:43:16  WARNING:service_tools.py:Config.json is found
25/09/2021 23:43:21  WARNING:searchmydata.py:The "Search" menu item chosen
25/09/2021 23:43:23  WARNING:search_engine.py:Query string: "tyu"
25/09/2021 23:45:34     INFO:searchmydata.py:The application started
25/09/2021 23:45:34  WARNING:search_engine.py:Config.json is found
25/09/2021 23:45:34  WARNING:dbtools.py:Config.json is found
25/09/2021 23:45:34  WARNING:service_tools.py:Config.json is found
25/09/2021 23:45:38  WARNING:searchmydata.py:The "Search" menu item chosen
25/09/2021 23:45:40  WARNING:search_engine.py:Query string: "tyy"
25/09/2021 23:47:07     INFO:searchmydata.py:The application started
25/09/2021 23:47:07  WARNING:search_engine.py:Config.json is found
25/09/2021 23:47:07  WARNING:dbtools.py:Config.json is found
25/09/2021 23:47:07  WARNING:service_tools.py:Config.json is found
25/09/2021 23:47:12  WARNING:searchmydata.py:The "Search" menu item chosen
25/09/2021 23:47:13  WARNING:search_engine.py:Query string: "fdg"
25/09/2021 23:49:35     INFO:searchmydata.py:The application started
25/09/2021 23:49:35  WARNING:search_engine.py:Config.json is found
25/09/2021 23:49:35  WARNING:dbtools.py:Config.json is found
25/09/2021 23:49:35  WARNING:service_tools.py:Config.json is found
25/09/2021 23:49:41  WARNING:searchmydata.py:The "Search" menu item chosen
25/09/2021 23:49:43  WARNING:search_engine.py:Query string: "йф"
25/09/2021 23:50:56     INFO:searchmydata.py:The application started
25/09/2021 23:50:56  WARNING:search_engine.py:Config.json is found
25/09/2021 23:50:56  WARNING:dbtools.py:Config.json is found
25/09/2021 23:50:56  WARNING:service_tools.py:Config.json is found
25/09/2021 23:51:01  WARNING:searchmydata.py:The "Search" menu item chosen
25/09/2021 23:51:05  WARNING:search_engine.py:Query string: "рро"
25/09/2021 23:54:23     INFO:searchmydata.py:The application started
25/09/2021 23:54:23  WARNING:search_engine.py:Config.json is found
25/09/2021 23:54:23  WARNING:dbtools.py:Config.json is found
25/09/2021 23:54:23  WARNING:service_tools.py:Config.json is found
25/09/2021 23:54:27  WARNING:searchmydata.py:The "Search" menu item chosen
25/09/2021 23:54:29  WARNING:search_engine.py:Query string: "try"
25/09/2021 23:55:52     INFO:searchmydata.py:The application started
25/09/2021 23:55:52  WARNING:search_engine.py:Config.json is found
25/09/2021 23:55:52  WARNING:dbtools.py:Config.json is found
25/09/2021 23:55:52  WARNING:service_tools.py:Config.json is found
25/09/2021 23:55:54  WARNING:searchmydata.py:The "Search" menu item chosen
25/09/2021 23:55:55  WARNING:search_engine.py:Query string: "gfh"
25/09/2021 23:55:55  WARNING:search_engine.py:The missing persons register: No data found
25/09/2021 23:55:55  WARNING:search_engine.py:The wanted persons register: No data found
25/09/2021 23:56:01  WARNING:searchmydata.py:The "Exit" menu item chosen
25/09/2021 23:56:01     INFO:searchmydata.py:The application closed
25/09/2021 23:56:14     INFO:searchmydata.py:The application started
25/09/2021 23:56:14  WARNING:search_engine.py:Config.json is found
25/09/2021 23:56:14  WARNING:dbtools.py:Config.json is found
25/09/2021 23:56:14  WARNING:service_tools.py:Config.json is found
25/09/2021 23:56:17  WARNING:searchmydata.py:The "Search" menu item chosen
25/09/2021 23:56:18  WARNING:search_engine.py:Query string: "mm"
25/09/2021 23:58:04     INFO:searchmydata.py:The application started
25/09/2021 23:58:04  WARNING:search_engine.py:Config.json is found
25/09/2021 23:58:04  WARNING:dbtools.py:Config.json is found
25/09/2021 23:58:04  WARNING:service_tools.py:Config.json is found
25/09/2021 23:58:06  WARNING:searchmydata.py:The "Search" menu item chosen
25/09/2021 23:58:07  WARNING:search_engine.py:Query string: "gfh"
25/09/2021 23:59:37     INFO:searchmydata.py:The application started
25/09/2021 23:59:37  WARNING:search_engine.py:Config.json is found
25/09/2021 23:59:37  WARNING:dbtools.py:Config.json is found
25/09/2021 23:59:37  WARNING:service_tools.py:Config.json is found
25/09/2021 23:59:42  WARNING:searchmydata.py:The "Search" menu item chosen
25/09/2021 23:59:43  WARNING:search_engine.py:Query string: "fgh"
26/09/2021 00:02:18     INFO:searchmydata.py:The application started
26/09/2021 00:02:18  WARNING:search_engine.py:Config.json is found
26/09/2021 00:02:18  WARNING:dbtools.py:Config.json is found
26/09/2021 00:02:18  WARNING:service_tools.py:Config.json is found
26/09/2021 00:02:21  WARNING:searchmydata.py:The "Search" menu item chosen
26/09/2021 00:02:22  WARNING:search_engine.py:Query string: "gh"
26/09/2021 10:00:31     INFO:searchmydata.py:The application started
26/09/2021 10:00:31  WARNING:search_engine.py:Config.json is found
26/09/2021 10:00:31  WARNING:dbtools.py:Config.json is found
26/09/2021 10:00:31  WARNING:service_tools.py:Config.json is found
26/09/2021 10:00:47  WARNING:searchmydata.py:The "Search" menu item chosen
26/09/2021 10:00:51  WARNING:search_engine.py:Query string: "taras"
26/09/2021 10:04:16     INFO:searchmydata.py:The application started
26/09/2021 10:04:16  WARNING:search_engine.py:Config.json is found
26/09/2021 10:04:16  WARNING:dbtools.py:Config.json is found
26/09/2021 10:04:16  WARNING:service_tools.py:Config.json is found
26/09/2021 10:04:18  WARNING:searchmydata.py:The "Search" menu item chosen
26/09/2021 10:04:20  WARNING:search_engine.py:Query string: "bnm"
26/09/2021 10:05:55     INFO:searchmydata.py:The application started
26/09/2021 10:05:55  WARNING:search_engine.py:Config.json is found
26/09/2021 10:05:55  WARNING:dbtools.py:Config.json is found
26/09/2021 10:05:55  WARNING:service_tools.py:Config.json is found
26/09/2021 10:05:57  WARNING:searchmydata.py:The "Search" menu item chosen
26/09/2021 10:06:00  WARNING:search_engine.py:Query string: "zxc"
26/09/2021 11:33:53     INFO:searchmydata.py:The application started
26/09/2021 11:33:53  WARNING:search_engine.py:Config.json is found
26/09/2021 11:33:53    ERROR:search_engine.py:Connection error
26/09/2021 11:33:53     INFO:search_engine.py:The application closed
26/09/2021 11:39:23     INFO: searchmydata.py:root:The application started
26/09/2021 11:39:23  WARNING:search_engine.py:root:Config.json is found
26/09/2021 11:39:23    ERROR:search_engine.py:root:Connection error
26/09/2021 11:39:23     INFO:search_engine.py:root:The application closed
26/09/2021 11:53:12     INFO: searchmydata.py:The application started
26/09/2021 11:53:12  WARNING:search_engine.py:Config.json is found
26/09/2021 11:56:28     INFO: searchmydata.py:The application started
26/09/2021 11:56:28  WARNING:search_engine.py:Config.json is found
26/09/2021 11:56:28    ERROR:search_engine.py:dbstring key is not found in Config.json
26/09/2021 11:56:28     INFO:search_engine.py:The application closed
26/09/2021 12:01:36     INFO: searchmydata.py:The application started
26/09/2021 12:01:36  WARNING:service_tools.py:Config.json is found
26/09/2021 12:04:02     INFO: searchmydata.py:The application started
26/09/2021 12:04:02  WARNING:service_tools.py:Config.json is found
26/09/2021 12:04:07  WARNING: searchmydata.py:The "Search" menu item chosen
26/09/2021 12:04:09  WARNING:search_engine.py:Config.json is found
26/09/2021 12:04:09  WARNING:search_engine.py:Query string: "yui"
26/09/2021 12:04:09  WARNING:search_engine.py:The missing persons register: No data found
26/09/2021 12:04:09  WARNING:search_engine.py:The wanted persons register: No data found
26/09/2021 12:04:17  WARNING: searchmydata.py:The "Search" menu item chosen
26/09/2021 12:04:21  WARNING:search_engine.py:Config.json is found
26/09/2021 12:04:21  WARNING:search_engine.py:Query string: "petro"
26/09/2021 12:04:21  WARNING:search_engine.py:The missing persons register: 54 records found
26/09/2021 12:04:21  WARNING:search_engine.py:All result dataset was saved into MissingPersons.html
26/09/2021 12:04:21  WARNING:search_engine.py:The wanted persons register: 243 records found
26/09/2021 12:04:21  WARNING:search_engine.py:All result dataset was saved into WantedPersons.html
26/09/2021 12:04:44  WARNING: searchmydata.py:The "Exit" menu item chosen
26/09/2021 12:04:44     INFO: searchmydata.py:The application closed
26/09/2021 15:01:47     INFO: searchmydata.py:The application started
26/09/2021 15:01:47  WARNING:service_tools.py:Config.json is found
26/09/2021 15:01:51  WARNING: searchmydata.py:The "Refresh datasets" menu item chosen
26/09/2021 15:01:51  WARNING:      dbtools.py:Config.json is found
26/09/2021 15:01:51    DEBUG:connectionpool.py:Starting new HTTPS connection (1): data.gov.ua:443
26/09/2021 15:01:52    DEBUG:connectionpool.py:https://data.gov.ua:443 "GET /api/3/action/package_show?id=470196d3-4e7a-46b0-8c0c-883b74ac65f0 HTTP/1.1" 200 None
26/09/2021 15:01:52     INFO:          elt.py:A general MissingPersons dataset JSON received
26/09/2021 15:01:52    DEBUG:connectionpool.py:Starting new HTTPS connection (1): data.gov.ua:443
26/09/2021 15:01:54    DEBUG:connectionpool.py:https://data.gov.ua:443 "GET /api/3/action/resource_show?id=6cfff17e-84ac-4141-b0fd-89abb68e9f31 HTTP/1.1" 200 None
26/09/2021 15:01:54     INFO:          elt.py:A MissingPersons resources JSON id received
26/09/2021 15:01:54    DEBUG:connectionpool.py:Starting new HTTPS connection (1): data.gov.ua:443
26/09/2021 15:01:54    DEBUG:connectionpool.py:https://data.gov.ua:443 "GET /dataset/8851831d-b5ce-4ca8-8685-eafbc3f57eca/resource/6cfff17e-84ac-4141-b0fd-89abb68e9f31/download/mvswantedbezvesti_1.json HTTP/1.1" 200 5113086
26/09/2021 15:02:01     INFO:          elt.py:A MissingPersons dataset received
26/09/2021 15:02:02  WARNING:      dbtools.py:6734 documents deleted. The missing persons collection is empty.
26/09/2021 15:02:02  WARNING:      dbtools.py:Missing persons Text index deleted
26/09/2021 15:02:02     INFO:      dbtools.py:Missing persons dataset was saved into the database
26/09/2021 15:02:02     INFO:      dbtools.py:Missing persons Text Index created
26/09/2021 15:02:02    DEBUG:connectionpool.py:Starting new HTTPS connection (1): data.gov.ua:443
26/09/2021 15:02:02    DEBUG:connectionpool.py:https://data.gov.ua:443 "GET /api/3/action/package_show?id=7c51c4a0-104b-4540-a166-e9fc58485c1b HTTP/1.1" 200 None
26/09/2021 15:02:02     INFO:          elt.py:A general WantedPersons dataset JSON received
26/09/2021 15:02:02    DEBUG:connectionpool.py:Starting new HTTPS connection (1): data.gov.ua:443
26/09/2021 15:02:05    DEBUG:connectionpool.py:https://data.gov.ua:443 "GET /api/3/action/resource_show?id=9694e34c-92a5-4839-91df-c32850db7ba9 HTTP/1.1" 200 None
26/09/2021 15:02:05     INFO:          elt.py:A WantedPersons resources JSON id received
26/09/2021 15:02:05    DEBUG:connectionpool.py:Starting new HTTPS connection (1): data.gov.ua:443
26/09/2021 15:02:05    DEBUG:connectionpool.py:https://data.gov.ua:443 "GET /dataset/59ecf2ab-47a1-4fae-a63c-fe5007d68130/resource/9694e34c-92a5-4839-91df-c32850db7ba9/download/mvswantedperson_1.json HTTP/1.1" 200 41298560
26/09/2021 15:02:59     INFO:          elt.py:A WantedPersons dataset received
26/09/2021 15:03:04  WARNING:      dbtools.py:47861 documents deleted. The wanted persons collection is empty.
26/09/2021 15:03:04  WARNING:      dbtools.py:WantedPersons Text index deleted
26/09/2021 15:03:06     INFO:      dbtools.py:Wanted persons dataset was saved into the database
26/09/2021 15:03:08     INFO:      dbtools.py:WantedPersons Text Index created
26/09/2021 15:03:08     INFO:service_tools.py:MissingPersonsRegisterServiceJson updated
26/09/2021 15:03:08     INFO:service_tools.py:WantedPersonsRegisterServiceJson updated
26/09/2021 15:03:15  WARNING: searchmydata.py:The "Search" menu item chosen
26/09/2021 15:03:19  WARNING:search_engine.py:Config.json is found
26/09/2021 15:03:19  WARNING:search_engine.py:Query string: "Мальчик"
26/09/2021 15:03:19  WARNING:search_engine.py:The missing persons register: No data found
26/09/2021 15:03:19  WARNING:search_engine.py:The wanted persons register: No data found
26/09/2021 15:03:24  WARNING: searchmydata.py:The "Exit" menu item chosen
26/09/2021 15:03:24     INFO: searchmydata.py:The application closed
26/09/2021 15:03:49     INFO: searchmydata.py:The application started
26/09/2021 15:03:49  WARNING:service_tools.py:Config.json is found
26/09/2021 15:03:53  WARNING: searchmydata.py:The "Search" menu item chosen
26/09/2021 15:03:58  WARNING:search_engine.py:Config.json is found
26/09/2021 15:03:58  WARNING:search_engine.py:Query string: "Петров Петро"
26/09/2021 15:03:58  WARNING:search_engine.py:The missing persons register: 66 records found
26/09/2021 15:03:58  WARNING:search_engine.py:All result dataset was saved into MissingPersons.html
26/09/2021 15:03:58  WARNING:search_engine.py:The wanted persons register: 303 records found
26/09/2021 15:03:58  WARNING:search_engine.py:All result dataset was saved into WantedPersons.html
26/09/2021 15:04:29  WARNING: searchmydata.py:The "Exit" menu item chosen
26/09/2021 15:04:29     INFO: searchmydata.py:The application closed
27/09/2021 18:45:38     INFO: searchmydata.py:The application started
27/09/2021 18:45:38  WARNING:service_tools.py:Config.json is found
27/09/2021 18:45:42  WARNING: searchmydata.py:The "Refresh datasets" menu item chosen
27/09/2021 18:46:28     INFO: searchmydata.py:The application started
27/09/2021 18:46:28  WARNING:service_tools.py:Config.json is found
27/09/2021 18:46:31  WARNING: searchmydata.py:The "Refresh datasets" menu item chosen
27/09/2021 18:46:31    DEBUG:connectionpool.py:Starting new HTTPS connection (1): data.gov.ua:443
27/09/2021 18:46:31    DEBUG:connectionpool.py:https://data.gov.ua:443 "GET /api/3/action/package_show?id=1c7f3815-3259-45e0-bdf1-64dca07ddc10 HTTP/1.1" 200 None
27/09/2021 18:46:31     INFO:          elt.py:A general EntrepreneursRegister dataset JSON received
27/09/2021 18:46:51  WARNING: searchmydata.py:The "Exit" menu item chosen
27/09/2021 18:46:51     INFO: searchmydata.py:The application closed
27/09/2021 18:54:18     INFO: searchmydata.py:The application started
27/09/2021 18:54:18  WARNING:service_tools.py:Config.json is found
27/09/2021 18:54:21  WARNING: searchmydata.py:The "Refresh datasets" menu item chosen
27/09/2021 18:54:21    DEBUG:connectionpool.py:Starting new HTTPS connection (1): data.gov.ua:443
27/09/2021 18:54:21    DEBUG:connectionpool.py:https://data.gov.ua:443 "GET /api/3/action/package_show?id=1c7f3815-3259-45e0-bdf1-64dca07ddc10 HTTP/1.1" 200 None
27/09/2021 18:54:21     INFO:          elt.py:A general EntrepreneursRegister dataset JSON received
27/09/2021 18:54:21    DEBUG:connectionpool.py:Starting new HTTPS connection (1): data.gov.ua:443
27/09/2021 18:54:21    DEBUG:connectionpool.py:https://data.gov.ua:443 "GET /api/3/action/resource_show?id=06bbccbd-e19c-40d5-9e18-447b110c0b4c HTTP/1.1" 200 None
27/09/2021 18:54:21     INFO:          elt.py:A EntrepreneursRegister resources JSON id received
27/09/2021 18:55:15  WARNING: searchmydata.py:The "Exit" menu item chosen
27/09/2021 18:55:15     INFO: searchmydata.py:The application closed
27/09/2021 19:01:30     INFO: searchmydata.py:The application started
27/09/2021 19:01:30  WARNING:service_tools.py:Config.json is found
27/09/2021 19:01:33  WARNING: searchmydata.py:The "Refresh datasets" menu item chosen
27/09/2021 19:01:33    DEBUG:connectionpool.py:Starting new HTTPS connection (1): data.gov.ua:443
27/09/2021 19:01:33    DEBUG:connectionpool.py:https://data.gov.ua:443 "GET /api/3/action/package_show?id=1c7f3815-3259-45e0-bdf1-64dca07ddc10 HTTP/1.1" 200 None
27/09/2021 19:01:33     INFO:          elt.py:A general EntrepreneursRegister dataset JSON received
27/09/2021 19:01:33    DEBUG:connectionpool.py:Starting new HTTPS connection (1): data.gov.ua:443
27/09/2021 19:01:33    DEBUG:connectionpool.py:https://data.gov.ua:443 "GET /api/3/action/resource_show?id=266bfef3-6d69-4e17-9f69-a5edf7db6ad2 HTTP/1.1" 200 None
27/09/2021 19:01:33     INFO:          elt.py:A EntrepreneursRegister resources JSON id received
27/09/2021 19:16:18    ERROR: searchmydata.py:The wrong input type of menu item choice
27/09/2021 19:16:18    ERROR: searchmydata.py:The wrong menu item choice
27/09/2021 19:16:23  WARNING: searchmydata.py:The "Refresh datasets" menu item chosen
27/09/2021 19:16:23    DEBUG:connectionpool.py:Starting new HTTPS connection (1): data.gov.ua:443
27/09/2021 19:16:23    DEBUG:connectionpool.py:https://data.gov.ua:443 "GET /api/3/action/package_show?id=1c7f3815-3259-45e0-bdf1-64dca07ddc10 HTTP/1.1" 200 None
27/09/2021 19:16:23     INFO:          elt.py:A general EntrepreneursRegister dataset JSON received
27/09/2021 19:16:23    DEBUG:connectionpool.py:Starting new HTTPS connection (1): data.gov.ua:443
27/09/2021 19:16:23    DEBUG:connectionpool.py:https://data.gov.ua:443 "GET /api/3/action/resource_show?id=266bfef3-6d69-4e17-9f69-a5edf7db6ad2 HTTP/1.1" 200 None
27/09/2021 19:16:23     INFO:          elt.py:A EntrepreneursRegister resources JSON id received
27/09/2021 19:17:22  WARNING: searchmydata.py:The "Exit" menu item chosen
27/09/2021 19:17:22     INFO: searchmydata.py:The application closed
27/09/2021 19:18:47     INFO: searchmydata.py:The application started
27/09/2021 19:18:47  WARNING:service_tools.py:Config.json is found
27/09/2021 19:18:50  WARNING: searchmydata.py:The "Refresh datasets" menu item chosen
27/09/2021 19:18:50    DEBUG:connectionpool.py:Starting new HTTPS connection (1): data.gov.ua:443
27/09/2021 19:18:50    DEBUG:connectionpool.py:https://data.gov.ua:443 "GET /api/3/action/package_show?id=1c7f3815-3259-45e0-bdf1-64dca07ddc10 HTTP/1.1" 200 None
27/09/2021 19:18:50     INFO:          elt.py:A general EntrepreneursRegister dataset JSON received
27/09/2021 19:18:50    DEBUG:connectionpool.py:Starting new HTTPS connection (1): data.gov.ua:443
27/09/2021 19:18:50    DEBUG:connectionpool.py:https://data.gov.ua:443 "GET /api/3/action/resource_show?id=266bfef3-6d69-4e17-9f69-a5edf7db6ad2 HTTP/1.1" 200 None
27/09/2021 19:18:50     INFO:          elt.py:A EntrepreneursRegister resources JSON id received
27/09/2021 19:18:50    DEBUG:connectionpool.py:Starting new HTTPS connection (1): data.gov.ua:443
27/09/2021 19:18:51    DEBUG:connectionpool.py:https://data.gov.ua:443 "GET /dataset/b244f35a-e50a-4a80-b704-032c42ba8142/resource/266bfef3-6d69-4e17-9f69-a5edf7db6ad2/download/17-ufop_full_27-09-2021.zip HTTP/1.1" 200 1880551770
27/09/2021 19:24:16     INFO: searchmydata.py:The application started
27/09/2021 19:24:16  WARNING:service_tools.py:Config.json is found
27/09/2021 19:24:18  WARNING: searchmydata.py:The "Refresh datasets" menu item chosen
27/09/2021 19:24:18    DEBUG:connectionpool.py:Starting new HTTPS connection (1): data.gov.ua:443
27/09/2021 19:24:19    DEBUG:connectionpool.py:https://data.gov.ua:443 "GET /api/3/action/package_show?id=1c7f3815-3259-45e0-bdf1-64dca07ddc10 HTTP/1.1" 200 None
27/09/2021 19:24:19     INFO:          elt.py:A general EntrepreneursRegister dataset JSON received
27/09/2021 19:24:19    DEBUG:connectionpool.py:Starting new HTTPS connection (1): data.gov.ua:443
27/09/2021 19:24:19    DEBUG:connectionpool.py:https://data.gov.ua:443 "GET /api/3/action/resource_show?id=266bfef3-6d69-4e17-9f69-a5edf7db6ad2 HTTP/1.1" 200 None
27/09/2021 19:24:19     INFO:          elt.py:A EntrepreneursRegister resources JSON id received
27/09/2021 19:24:27  WARNING: searchmydata.py:The "Exit" menu item chosen
27/09/2021 19:24:27     INFO: searchmydata.py:The application closed
27/09/2021 19:29:34     INFO: searchmydata.py:The application started
27/09/2021 19:29:34  WARNING:service_tools.py:Config.json is found
27/09/2021 19:29:37  WARNING: searchmydata.py:The "Refresh datasets" menu item chosen
27/09/2021 19:29:37    DEBUG:connectionpool.py:Starting new HTTPS connection (1): data.gov.ua:443
27/09/2021 19:29:37    DEBUG:connectionpool.py:https://data.gov.ua:443 "GET /api/3/action/package_show?id=1c7f3815-3259-45e0-bdf1-64dca07ddc10 HTTP/1.1" 200 None
27/09/2021 19:29:37     INFO:          elt.py:A general EntrepreneursRegister dataset JSON received
27/09/2021 19:29:37    DEBUG:connectionpool.py:Starting new HTTPS connection (1): data.gov.ua:443
27/09/2021 19:29:37    DEBUG:connectionpool.py:https://data.gov.ua:443 "GET /api/3/action/resource_show?id=266bfef3-6d69-4e17-9f69-a5edf7db6ad2 HTTP/1.1" 200 None
27/09/2021 19:29:37     INFO:          elt.py:A EntrepreneursRegister resources JSON id received
27/09/2021 19:34:55     INFO: searchmydata.py:The application started
27/09/2021 19:34:55  WARNING:service_tools.py:Config.json is found
27/09/2021 19:34:57  WARNING: searchmydata.py:The "Refresh datasets" menu item chosen
27/09/2021 19:34:57    DEBUG:connectionpool.py:Starting new HTTPS connection (1): data.gov.ua:443
27/09/2021 19:34:57    DEBUG:connectionpool.py:https://data.gov.ua:443 "GET /api/3/action/package_show?id=1c7f3815-3259-45e0-bdf1-64dca07ddc10 HTTP/1.1" 200 None
27/09/2021 19:34:57     INFO:          elt.py:A general EntrepreneursRegister dataset JSON received
27/09/2021 19:34:57    DEBUG:connectionpool.py:Starting new HTTPS connection (1): data.gov.ua:443
27/09/2021 19:34:59    DEBUG:connectionpool.py:https://data.gov.ua:443 "GET /api/3/action/resource_show?id=266bfef3-6d69-4e17-9f69-a5edf7db6ad2 HTTP/1.1" 200 None
27/09/2021 19:34:59     INFO:          elt.py:A EntrepreneursRegister resources JSON id received
27/09/2021 19:34:59    DEBUG:connectionpool.py:Starting new HTTPS connection (1): data.gov.ua:443
27/09/2021 19:34:59    DEBUG:connectionpool.py:https://data.gov.ua:443 "GET /dataset/b244f35a-e50a-4a80-b704-032c42ba8142/resource/266bfef3-6d69-4e17-9f69-a5edf7db6ad2/download/17-ufop_full_27-09-2021.zip HTTP/1.1" 200 1880551770
27/09/2021 19:38:21  WARNING: searchmydata.py:The "Exit" menu item chosen
27/09/2021 19:38:21     INFO: searchmydata.py:The application closed
